#
# A fatal error has been detected by the Java Runtime Environment:
#
#  EXCEPTION_ACCESS_VIOLATION (0xc0000005) at pc=0x00007ffa3b1c6ef9, pid=14032, tid=14560
#
# JRE version: Java(TM) SE Runtime Environment (13.0.1+9) (build 13.0.1+9)
# Java VM: Java HotSpot(TM) 64-Bit Server VM (13.0.1+9, mixed mode, sharing, tiered, compressed oops, g1 gc, windows-amd64)
# Problematic frame:
# V  [jvm.dll+0x246ef9]
#
# No core dump will be written. Minidumps are not enabled by default on client versions of Windows
#
# If you would like to submit a bug report, please visit:
#   http://bugreport.java.com/bugreport/crash.jsp
#

---------------  S U M M A R Y ------------

Command Line: -agentlib:jdwp=transport=dt_socket,suspend=y,address=localhost:59887 -javaagent:C:\Users\user\eclipse\java-2019-09\eclipse\configuration\org.eclipse.osgi\229\0\.cp\lib\javaagent-shaded.jar -Dfile.encoding=Cp1252 MethodTest

Host: Intel(R) Core(TM) i7-8650U CPU @ 1.90GHz, 8 cores, 15G,  Windows 10 , 64 bit Build 17763 (10.0.17763.475)
Time: Thu Nov 14 21:24:10 2019 Pacific Standard Time elapsed time: 35041 seconds (0d 9h 44m 1s)

---------------  T H R E A D  ---------------

Current thread (0x000001998ae3d800):  JavaThread "JDWP Transport Listener: dt_socket" daemon [_thread_in_vm, id=14560, stack(0x0000000936d00000,0x0000000936e00000)] _threads_hazard_ptr=0x000001998af3d610

Stack: [0x0000000936d00000,0x0000000936e00000],  sp=0x0000000936dfeb08,  free space=1018k
Native frames: (J=compiled Java code, j=interpreted, Vv=VM code, C=native code)
V  [jvm.dll+0x246ef9]


siginfo: EXCEPTION_ACCESS_VIOLATION (0xc0000005), reading address 0x000001998a99b740


Register to memory mapping:

RIP=0x00007ffa3b1c6ef9 jvm.dll
RAX=0x0000000000194040 is an unknown value
RBX=0x0000000936dfedc0 is pointing into the stack for thread: 0x000001998ae3d800
RCX=0x000001998a807700 is pointing into metadata
RDX=0x000000000000ca01 is an unknown value
RSP=0x0000000936dfeb08 is pointing into the stack for thread: 0x000001998ae3d800
RBP=0x0 is NULL
RSI=0x0000000000000001 is an unknown value
RDI=0x000001998a806838 is pointing into metadata
R8 =0x0 is NULL
R9 =0x000001998a806838 is pointing into metadata
R10=0x00007ffa3af80000 jvm.dll
R11=0x000001998acc50a0 points into unknown readable memory: 00 00 00 47 ff ff ff 2f
R12=0x000001998acc5020 points into unknown readable memory: 00 f1 44 12 00 00 00 00
R13=0x0 is NULL
R14=0x000001998a806e91 is pointing into metadata
R15=0x0000000000000010 is an unknown value


Registers:
RAX=0x0000000000194040, RBX=0x0000000936dfedc0, RCX=0x000001998a807700, RDX=0x000000000000ca01
RSP=0x0000000936dfeb08, RBP=0x0000000000000000, RSI=0x0000000000000001, RDI=0x000001998a806838
R8 =0x0000000000000000, R9 =0x000001998a806838, R10=0x00007ffa3af80000, R11=0x000001998acc50a0
R12=0x000001998acc5020, R13=0x0000000000000000, R14=0x000001998a806e91, R15=0x0000000000000010
RIP=0x00007ffa3b1c6ef9, EFLAGS=0x0000000000010202

Top of Stack: (sp=0x0000000936dfeb08)
0x0000000936dfeb08:   00007ffa3b2b16a3 0000000936dfedc0
0x0000000936dfeb18:   00007ffa3b2b4783 0000000936dfedc0
0x0000000936dfeb28:   000001998a80f800 000000004fffffff
0x0000000936dfeb38:   00007ffa3b09face 000001998a806eb8
0x0000000936dfeb48:   000001998a80af78 00000b463711abc1
0x0000000936dfeb58:   0000000000000013 000001998a806e91
0x0000000936dfeb68:   0000000936dfec20 0000000936dfedc0
0x0000000936dfeb78:   00007ffa3b2b37ad 000001998a806e90
0x0000000936dfeb88:   0000000000000009 0000000936dfec50
0x0000000936dfeb98:   00007ffa3b0a566e 0000000900000009
0x0000000936dfeba8:   6666666666666667 00007ffa971b0000
0x0000000936dfebb8:   00007ffa00000004 000001998a806e88
0x0000000936dfebc8:   00007ffa3af8d9b6 000001998a806eb8
0x0000000936dfebd8:   000001998acc50d0 0000000000000010
0x0000000936dfebe8:   00000000000000b4 00000000000000b4
0x0000000936dfebf8:   00007ffa3b2b40ee 0000000936dfec50 

Instructions: (pc=0x00007ffa3b1c6ef9)
0x00007ffa3b1c6df9:   03 03 03 03 03 03 03 03 03 03 03 03 03 03 03 03
0x00007ffa3b1c6e09:   03 03 03 03 03 03 03 03 03 03 03 03 03 03 03 03
0x00007ffa3b1c6e19:   03 03 03 03 03 03 03 03 03 03 03 03 03 03 03 03
0x00007ffa3b1c6e29:   03 03 03 03 03 03 03 03 03 03 03 03 03 03 03 03
0x00007ffa3b1c6e39:   03 03 02 03 03 02 cc 48 89 5c 24 08 48 89 74 24
0x00007ffa3b1c6e49:   10 57 48 83 ec 20 48 63 da 41 0f b6 f0 48 8b f9
0x00007ffa3b1c6e59:   85 d2 79 24 4c 8d 0d 64 6b 62 00 ba 97 02 00 00
0x00007ffa3b1c6e69:   4c 8d 05 90 6b 62 00 48 8d 0d f9 6a 62 00 e8 04
0x00007ffa3b1c6e79:   6b 00 00 e8 9f fb 3d 00 40 84 f6 75 18 48 8b 4f
0x00007ffa3b1c6e89:   10 48 85 c9 74 0f 48 8d 43 01 48 c1 e0 05 48 8b
0x00007ffa3b1c6e99:   04 08 0f b7 d8 48 8b 74 24 38 48 63 c3 48 8b 5c
0x00007ffa3b1c6ea9:   24 30 0f b7 44 c7 40 48 83 c4 20 5f c3 cc cc cc
0x00007ffa3b1c6eb9:   cc cc cc cc cc cc cc 4c 8b c9 45 84 c0 75 42 48
0x00007ffa3b1c6ec9:   8b 49 10 48 85 c9 74 39 85 d2 79 1a f7 d2 48 63
0x00007ffa3b1c6ed9:   c2 48 ff c0 48 c1 e0 05 48 8b 04 08 0f b7 c8 41
0x00007ffa3b1c6ee9:   0f b7 44 c9 42 c3 48 63 c2 48 ff c0 48 c1 e0 05
0x00007ffa3b1c6ef9:   48 8b 04 08 0f b7 d0 48 63 c2 41 0f b7 44 c1 42
0x00007ffa3b1c6f09:   c3 49 8b 41 08 4c 63 c2 42 0f b6 44 00 04 8d 48
0x00007ffa3b1c6f19:   ef 80 f9 01 76 0e 3c 6a 74 0a 48 63 c2 41 0f b7
0x00007ffa3b1c6f29:   44 c1 42 c3 43 0f b7 44 c1 42 c3 cc cc cc cc cc
0x00007ffa3b1c6f39:   cc cc cc cc cc cc cc 40 53 48 83 ec 20 48 8b d9
0x00007ffa3b1c6f49:   e8 72 ff ff ff 48 63 d0 0f b7 44 d3 40 48 8b 44
0x00007ffa3b1c6f59:   c3 40 48 83 c4 20 5b c3 cc cc cc cc cc cc cc cc
0x00007ffa3b1c6f69:   cc cc cc cc cc cc cc 40 53 48 83 ec 20 48 8b d9
0x00007ffa3b1c6f79:   e8 42 ff ff ff 48 63 d0 0f b7 44 d3 42 48 8b 44
0x00007ffa3b1c6f89:   c3 40 48 83 c4 20 5b c3 cc cc cc cc cc cc cc cc
0x00007ffa3b1c6f99:   cc cc cc cc cc cc cc 4c 8b d1 45 84 c9 75 23 4c
0x00007ffa3b1c6fa9:   8b 49 10 4d 85 c9 74 1a 45 85 c0 79 03 41 f7 d0
0x00007ffa3b1c6fb9:   49 63 c0 48 ff c0 48 c1 e0 05 4a 8b 04 08 44 0f
0x00007ffa3b1c6fc9:   b7 c0 49 8b 42 08 49 63 c8 0f b6 4c 08 04 48 8b
0x00007ffa3b1c6fd9:   c2 88 0a c3 cc cc cc 40 56 57 41 54 41 56 41 57
0x00007ffa3b1c6fe9:   48 83 ec 20 45 8b 30 49 8b f0 49 63 f9 4c 8b e2 


Stack slot to memory mapping:
stack at sp + 0 slots: 0x00007ffa3b2b16a3 jvm.dll
stack at sp + 1 slots: 0x0000000936dfedc0 is pointing into the stack for thread: 0x000001998ae3d800
stack at sp + 2 slots: 0x00007ffa3b2b4783 jvm.dll
stack at sp + 3 slots: 0x0000000936dfedc0 is pointing into the stack for thread: 0x000001998ae3d800
stack at sp + 4 slots: 0x000001998a80f800 is pointing into metadata
stack at sp + 5 slots: 0x000000004fffffff is an unknown value
stack at sp + 6 slots: 0x00007ffa3b09face jvm.dll
stack at sp + 7 slots: {method} {0x000001998a806ec0} 'hasNext' '()Z' in 'Range'


---------------  P R O C E S S  ---------------

Threads class SMR info:
_java_thread_list=0x000001998af3d610, length=13, elements={
0x00000199e49fb000, 0x000001998a3e7000, 0x000001998a3ea000, 0x000001998ac84800,
0x000001998ac86800, 0x000001998ac87000, 0x000001998ac8f800, 0x000001998ac99800,
0x000001998ac70800, 0x000001998ae3d800, 0x000001998ae69000, 0x000001998ae6a000,
0x000001998af62000
}

Java Threads: ( => current thread )
  0x00000199e49fb000 JavaThread "main" [_thread_blocked, id=17640, stack(0x0000000935e00000,0x0000000935f00000)]
  0x000001998a3e7000 JavaThread "Reference Handler" daemon [_thread_blocked, id=16588, stack(0x0000000936500000,0x0000000936600000)]
  0x000001998a3ea000 JavaThread "Finalizer" daemon [_thread_blocked, id=8680, stack(0x0000000936600000,0x0000000936700000)]
  0x000001998ac84800 JavaThread "Signal Dispatcher" daemon [_thread_blocked, id=9176, stack(0x0000000936700000,0x0000000936800000)]
  0x000001998ac86800 JavaThread "Attach Listener" daemon [_thread_blocked, id=16948, stack(0x0000000936800000,0x0000000936900000)]
  0x000001998ac87000 JavaThread "C2 CompilerThread0" daemon [_thread_blocked, id=8040, stack(0x0000000936900000,0x0000000936a00000)]
  0x000001998ac8f800 JavaThread "C1 CompilerThread0" daemon [_thread_blocked, id=18372, stack(0x0000000936a00000,0x0000000936b00000)]
  0x000001998ac99800 JavaThread "Sweeper thread" daemon [_thread_blocked, id=16696, stack(0x0000000936b00000,0x0000000936c00000)]
  0x000001998ac70800 JavaThread "Common-Cleaner" daemon [_thread_blocked, id=13204, stack(0x0000000936c00000,0x0000000936d00000)]
=>0x000001998ae3d800 JavaThread "JDWP Transport Listener: dt_socket" daemon [_thread_in_vm, id=14560, stack(0x0000000936d00000,0x0000000936e00000)]
  0x000001998ae69000 JavaThread "JDWP Event Helper Thread" daemon [_thread_blocked, id=17672, stack(0x0000000936e00000,0x0000000936f00000)]
  0x000001998ae6a000 JavaThread "JDWP Command Reader" daemon [_thread_in_native, id=11792, stack(0x0000000936f00000,0x0000000937000000)]
  0x000001998af62000 JavaThread "Service Thread" daemon [_thread_blocked, id=15744, stack(0x0000000937100000,0x0000000937200000)]

Other Threads:
  0x000001998a3e3800 VMThread "VM Thread" [stack: 0x0000000936400000,0x0000000936500000] [id=7004]
  0x000001998af63000 WatcherThread [stack: 0x0000000937200000,0x0000000937300000] [id=16660]
  0x00000199e4a66000 GCTaskThread "GC Thread#0" [stack: 0x0000000935f00000,0x0000000936000000] [id=13156]
  0x00000199e4a88000 ConcurrentGCThread "G1 Main Marker" [stack: 0x0000000936000000,0x0000000936100000] [id=1964]
  0x00000199e4a89000 ConcurrentGCThread "G1 Conc#0" [stack: 0x0000000936100000,0x0000000936200000] [id=15220]
  0x000001998a2de800 ConcurrentGCThread "G1 Refine#0" [stack: 0x0000000936200000,0x0000000936300000] [id=9652]
  0x000001998a2e2800 ConcurrentGCThread "G1 Young RemSet Sampling" [stack: 0x0000000936300000,0x0000000936400000] [id=14944]

Threads with active compile tasks:

VM state:not at safepoint (normal execution)

VM Mutex/Monitor currently owned by a thread: None

Heap address: 0x0000000702800000, size: 4056 MB, Compressed Oops mode: Zero based, Oop shift amount: 3
Narrow klass base: 0x0000000800000000, Narrow klass shift: 3
Compressed class space size: 1073741824 Address: 0x0000000800b40000

Heap:
 garbage-first heap   total 260096K, used 2048K [0x0000000702800000, 0x0000000800000000)
  region size 1024K, 4 young (4096K), 0 survivors (0K)
 Metaspace       used 2408K, capacity 4723K, committed 4864K, reserved 1056768K
  class space    used 245K, capacity 446K, committed 512K, reserved 1048576K
Heap Regions: E=young(eden), S=young(survivor), O=old, HS=humongous(starts), HC=humongous(continues), CS=collection set, F=free, A=archive, TAMS=top-at-mark-start (previous, next)
|   0|0x0000000702800000, 0x0000000702800000, 0x0000000702900000|  0%| F|  |TAMS 0x0000000702800000, 0x0000000702800000| Untracked 
|   1|0x0000000702900000, 0x0000000702900000, 0x0000000702a00000|  0%| F|  |TAMS 0x0000000702900000, 0x0000000702900000| Untracked 
|   2|0x0000000702a00000, 0x0000000702a00000, 0x0000000702b00000|  0%| F|  |TAMS 0x0000000702a00000, 0x0000000702a00000| Untracked 
|   3|0x0000000702b00000, 0x0000000702b00000, 0x0000000702c00000|  0%| F|  |TAMS 0x0000000702b00000, 0x0000000702b00000| Untracked 
|   4|0x0000000702c00000, 0x0000000702c00000, 0x0000000702d00000|  0%| F|  |TAMS 0x0000000702c00000, 0x0000000702c00000| Untracked 
|   5|0x0000000702d00000, 0x0000000702d00000, 0x0000000702e00000|  0%| F|  |TAMS 0x0000000702d00000, 0x0000000702d00000| Untracked 
|   6|0x0000000702e00000, 0x0000000702e00000, 0x0000000702f00000|  0%| F|  |TAMS 0x0000000702e00000, 0x0000000702e00000| Untracked 
|   7|0x0000000702f00000, 0x0000000702f00000, 0x0000000703000000|  0%| F|  |TAMS 0x0000000702f00000, 0x0000000702f00000| Untracked 
|   8|0x0000000703000000, 0x0000000703000000, 0x0000000703100000|  0%| F|  |TAMS 0x0000000703000000, 0x0000000703000000| Untracked 
|   9|0x0000000703100000, 0x0000000703100000, 0x0000000703200000|  0%| F|  |TAMS 0x0000000703100000, 0x0000000703100000| Untracked 
|  10|0x0000000703200000, 0x0000000703200000, 0x0000000703300000|  0%| F|  |TAMS 0x0000000703200000, 0x0000000703200000| Untracked 
|  11|0x0000000703300000, 0x0000000703300000, 0x0000000703400000|  0%| F|  |TAMS 0x0000000703300000, 0x0000000703300000| Untracked 
|  12|0x0000000703400000, 0x0000000703400000, 0x0000000703500000|  0%| F|  |TAMS 0x0000000703400000, 0x0000000703400000| Untracked 
|  13|0x0000000703500000, 0x0000000703500000, 0x0000000703600000|  0%| F|  |TAMS 0x0000000703500000, 0x0000000703500000| Untracked 
|  14|0x0000000703600000, 0x0000000703600000, 0x0000000703700000|  0%| F|  |TAMS 0x0000000703600000, 0x0000000703600000| Untracked 
|  15|0x0000000703700000, 0x0000000703700000, 0x0000000703800000|  0%| F|  |TAMS 0x0000000703700000, 0x0000000703700000| Untracked 
|  16|0x0000000703800000, 0x0000000703800000, 0x0000000703900000|  0%| F|  |TAMS 0x0000000703800000, 0x0000000703800000| Untracked 
|  17|0x0000000703900000, 0x0000000703900000, 0x0000000703a00000|  0%| F|  |TAMS 0x0000000703900000, 0x0000000703900000| Untracked 
|  18|0x0000000703a00000, 0x0000000703a00000, 0x0000000703b00000|  0%| F|  |TAMS 0x0000000703a00000, 0x0000000703a00000| Untracked 
|  19|0x0000000703b00000, 0x0000000703b00000, 0x0000000703c00000|  0%| F|  |TAMS 0x0000000703b00000, 0x0000000703b00000| Untracked 
|  20|0x0000000703c00000, 0x0000000703c00000, 0x0000000703d00000|  0%| F|  |TAMS 0x0000000703c00000, 0x0000000703c00000| Untracked 
|  21|0x0000000703d00000, 0x0000000703d00000, 0x0000000703e00000|  0%| F|  |TAMS 0x0000000703d00000, 0x0000000703d00000| Untracked 
|  22|0x0000000703e00000, 0x0000000703e00000, 0x0000000703f00000|  0%| F|  |TAMS 0x0000000703e00000, 0x0000000703e00000| Untracked 
|  23|0x0000000703f00000, 0x0000000703f00000, 0x0000000704000000|  0%| F|  |TAMS 0x0000000703f00000, 0x0000000703f00000| Untracked 
|  24|0x0000000704000000, 0x0000000704000000, 0x0000000704100000|  0%| F|  |TAMS 0x0000000704000000, 0x0000000704000000| Untracked 
|  25|0x0000000704100000, 0x0000000704100000, 0x0000000704200000|  0%| F|  |TAMS 0x0000000704100000, 0x0000000704100000| Untracked 
|  26|0x0000000704200000, 0x0000000704200000, 0x0000000704300000|  0%| F|  |TAMS 0x0000000704200000, 0x0000000704200000| Untracked 
|  27|0x0000000704300000, 0x0000000704300000, 0x0000000704400000|  0%| F|  |TAMS 0x0000000704300000, 0x0000000704300000| Untracked 
|  28|0x0000000704400000, 0x0000000704400000, 0x0000000704500000|  0%| F|  |TAMS 0x0000000704400000, 0x0000000704400000| Untracked 
|  29|0x0000000704500000, 0x0000000704500000, 0x0000000704600000|  0%| F|  |TAMS 0x0000000704500000, 0x0000000704500000| Untracked 
|  30|0x0000000704600000, 0x0000000704600000, 0x0000000704700000|  0%| F|  |TAMS 0x0000000704600000, 0x0000000704600000| Untracked 
|  31|0x0000000704700000, 0x0000000704700000, 0x0000000704800000|  0%| F|  |TAMS 0x0000000704700000, 0x0000000704700000| Untracked 
|  32|0x0000000704800000, 0x0000000704800000, 0x0000000704900000|  0%| F|  |TAMS 0x0000000704800000, 0x0000000704800000| Untracked 
|  33|0x0000000704900000, 0x0000000704900000, 0x0000000704a00000|  0%| F|  |TAMS 0x0000000704900000, 0x0000000704900000| Untracked 
|  34|0x0000000704a00000, 0x0000000704a00000, 0x0000000704b00000|  0%| F|  |TAMS 0x0000000704a00000, 0x0000000704a00000| Untracked 
|  35|0x0000000704b00000, 0x0000000704b00000, 0x0000000704c00000|  0%| F|  |TAMS 0x0000000704b00000, 0x0000000704b00000| Untracked 
|  36|0x0000000704c00000, 0x0000000704c00000, 0x0000000704d00000|  0%| F|  |TAMS 0x0000000704c00000, 0x0000000704c00000| Untracked 
|  37|0x0000000704d00000, 0x0000000704d00000, 0x0000000704e00000|  0%| F|  |TAMS 0x0000000704d00000, 0x0000000704d00000| Untracked 
|  38|0x0000000704e00000, 0x0000000704e00000, 0x0000000704f00000|  0%| F|  |TAMS 0x0000000704e00000, 0x0000000704e00000| Untracked 
|  39|0x0000000704f00000, 0x0000000704f00000, 0x0000000705000000|  0%| F|  |TAMS 0x0000000704f00000, 0x0000000704f00000| Untracked 
|  40|0x0000000705000000, 0x0000000705000000, 0x0000000705100000|  0%| F|  |TAMS 0x0000000705000000, 0x0000000705000000| Untracked 
|  41|0x0000000705100000, 0x0000000705100000, 0x0000000705200000|  0%| F|  |TAMS 0x0000000705100000, 0x0000000705100000| Untracked 
|  42|0x0000000705200000, 0x0000000705200000, 0x0000000705300000|  0%| F|  |TAMS 0x0000000705200000, 0x0000000705200000| Untracked 
|  43|0x0000000705300000, 0x0000000705300000, 0x0000000705400000|  0%| F|  |TAMS 0x0000000705300000, 0x0000000705300000| Untracked 
|  44|0x0000000705400000, 0x0000000705400000, 0x0000000705500000|  0%| F|  |TAMS 0x0000000705400000, 0x0000000705400000| Untracked 
|  45|0x0000000705500000, 0x0000000705500000, 0x0000000705600000|  0%| F|  |TAMS 0x0000000705500000, 0x0000000705500000| Untracked 
|  46|0x0000000705600000, 0x0000000705600000, 0x0000000705700000|  0%| F|  |TAMS 0x0000000705600000, 0x0000000705600000| Untracked 
|  47|0x0000000705700000, 0x0000000705700000, 0x0000000705800000|  0%| F|  |TAMS 0x0000000705700000, 0x0000000705700000| Untracked 
|  48|0x0000000705800000, 0x0000000705800000, 0x0000000705900000|  0%| F|  |TAMS 0x0000000705800000, 0x0000000705800000| Untracked 
|  49|0x0000000705900000, 0x0000000705900000, 0x0000000705a00000|  0%| F|  |TAMS 0x0000000705900000, 0x0000000705900000| Untracked 
|  50|0x0000000705a00000, 0x0000000705a00000, 0x0000000705b00000|  0%| F|  |TAMS 0x0000000705a00000, 0x0000000705a00000| Untracked 
|  51|0x0000000705b00000, 0x0000000705b00000, 0x0000000705c00000|  0%| F|  |TAMS 0x0000000705b00000, 0x0000000705b00000| Untracked 
|  52|0x0000000705c00000, 0x0000000705c00000, 0x0000000705d00000|  0%| F|  |TAMS 0x0000000705c00000, 0x0000000705c00000| Untracked 
|  53|0x0000000705d00000, 0x0000000705d00000, 0x0000000705e00000|  0%| F|  |TAMS 0x0000000705d00000, 0x0000000705d00000| Untracked 
|  54|0x0000000705e00000, 0x0000000705e00000, 0x0000000705f00000|  0%| F|  |TAMS 0x0000000705e00000, 0x0000000705e00000| Untracked 
|  55|0x0000000705f00000, 0x0000000705f00000, 0x0000000706000000|  0%| F|  |TAMS 0x0000000705f00000, 0x0000000705f00000| Untracked 
|  56|0x0000000706000000, 0x0000000706000000, 0x0000000706100000|  0%| F|  |TAMS 0x0000000706000000, 0x0000000706000000| Untracked 
|  57|0x0000000706100000, 0x0000000706100000, 0x0000000706200000|  0%| F|  |TAMS 0x0000000706100000, 0x0000000706100000| Untracked 
|  58|0x0000000706200000, 0x0000000706200000, 0x0000000706300000|  0%| F|  |TAMS 0x0000000706200000, 0x0000000706200000| Untracked 
|  59|0x0000000706300000, 0x0000000706300000, 0x0000000706400000|  0%| F|  |TAMS 0x0000000706300000, 0x0000000706300000| Untracked 
|  60|0x0000000706400000, 0x0000000706400000, 0x0000000706500000|  0%| F|  |TAMS 0x0000000706400000, 0x0000000706400000| Untracked 
|  61|0x0000000706500000, 0x0000000706500000, 0x0000000706600000|  0%| F|  |TAMS 0x0000000706500000, 0x0000000706500000| Untracked 
|  62|0x0000000706600000, 0x0000000706600000, 0x0000000706700000|  0%| F|  |TAMS 0x0000000706600000, 0x0000000706600000| Untracked 
|  63|0x0000000706700000, 0x0000000706700000, 0x0000000706800000|  0%| F|  |TAMS 0x0000000706700000, 0x0000000706700000| Untracked 
|  64|0x0000000706800000, 0x0000000706800000, 0x0000000706900000|  0%| F|  |TAMS 0x0000000706800000, 0x0000000706800000| Untracked 
|  65|0x0000000706900000, 0x0000000706900000, 0x0000000706a00000|  0%| F|  |TAMS 0x0000000706900000, 0x0000000706900000| Untracked 
|  66|0x0000000706a00000, 0x0000000706a00000, 0x0000000706b00000|  0%| F|  |TAMS 0x0000000706a00000, 0x0000000706a00000| Untracked 
|  67|0x0000000706b00000, 0x0000000706b00000, 0x0000000706c00000|  0%| F|  |TAMS 0x0000000706b00000, 0x0000000706b00000| Untracked 
|  68|0x0000000706c00000, 0x0000000706c00000, 0x0000000706d00000|  0%| F|  |TAMS 0x0000000706c00000, 0x0000000706c00000| Untracked 
|  69|0x0000000706d00000, 0x0000000706d00000, 0x0000000706e00000|  0%| F|  |TAMS 0x0000000706d00000, 0x0000000706d00000| Untracked 
|  70|0x0000000706e00000, 0x0000000706e00000, 0x0000000706f00000|  0%| F|  |TAMS 0x0000000706e00000, 0x0000000706e00000| Untracked 
|  71|0x0000000706f00000, 0x0000000706f00000, 0x0000000707000000|  0%| F|  |TAMS 0x0000000706f00000, 0x0000000706f00000| Untracked 
|  72|0x0000000707000000, 0x0000000707000000, 0x0000000707100000|  0%| F|  |TAMS 0x0000000707000000, 0x0000000707000000| Untracked 
|  73|0x0000000707100000, 0x0000000707100000, 0x0000000707200000|  0%| F|  |TAMS 0x0000000707100000, 0x0000000707100000| Untracked 
|  74|0x0000000707200000, 0x0000000707200000, 0x0000000707300000|  0%| F|  |TAMS 0x0000000707200000, 0x0000000707200000| Untracked 
|  75|0x0000000707300000, 0x0000000707300000, 0x0000000707400000|  0%| F|  |TAMS 0x0000000707300000, 0x0000000707300000| Untracked 
|  76|0x0000000707400000, 0x0000000707400000, 0x0000000707500000|  0%| F|  |TAMS 0x0000000707400000, 0x0000000707400000| Untracked 
|  77|0x0000000707500000, 0x0000000707500000, 0x0000000707600000|  0%| F|  |TAMS 0x0000000707500000, 0x0000000707500000| Untracked 
|  78|0x0000000707600000, 0x0000000707600000, 0x0000000707700000|  0%| F|  |TAMS 0x0000000707600000, 0x0000000707600000| Untracked 
|  79|0x0000000707700000, 0x0000000707700000, 0x0000000707800000|  0%| F|  |TAMS 0x0000000707700000, 0x0000000707700000| Untracked 
|  80|0x0000000707800000, 0x0000000707800000, 0x0000000707900000|  0%| F|  |TAMS 0x0000000707800000, 0x0000000707800000| Untracked 
|  81|0x0000000707900000, 0x0000000707900000, 0x0000000707a00000|  0%| F|  |TAMS 0x0000000707900000, 0x0000000707900000| Untracked 
|  82|0x0000000707a00000, 0x0000000707a00000, 0x0000000707b00000|  0%| F|  |TAMS 0x0000000707a00000, 0x0000000707a00000| Untracked 
|  83|0x0000000707b00000, 0x0000000707b00000, 0x0000000707c00000|  0%| F|  |TAMS 0x0000000707b00000, 0x0000000707b00000| Untracked 
|  84|0x0000000707c00000, 0x0000000707c00000, 0x0000000707d00000|  0%| F|  |TAMS 0x0000000707c00000, 0x0000000707c00000| Untracked 
|  85|0x0000000707d00000, 0x0000000707d00000, 0x0000000707e00000|  0%| F|  |TAMS 0x0000000707d00000, 0x0000000707d00000| Untracked 
|  86|0x0000000707e00000, 0x0000000707e00000, 0x0000000707f00000|  0%| F|  |TAMS 0x0000000707e00000, 0x0000000707e00000| Untracked 
|  87|0x0000000707f00000, 0x0000000707f00000, 0x0000000708000000|  0%| F|  |TAMS 0x0000000707f00000, 0x0000000707f00000| Untracked 
|  88|0x0000000708000000, 0x0000000708000000, 0x0000000708100000|  0%| F|  |TAMS 0x0000000708000000, 0x0000000708000000| Untracked 
|  89|0x0000000708100000, 0x0000000708100000, 0x0000000708200000|  0%| F|  |TAMS 0x0000000708100000, 0x0000000708100000| Untracked 
|  90|0x0000000708200000, 0x0000000708200000, 0x0000000708300000|  0%| F|  |TAMS 0x0000000708200000, 0x0000000708200000| Untracked 
|  91|0x0000000708300000, 0x0000000708300000, 0x0000000708400000|  0%| F|  |TAMS 0x0000000708300000, 0x0000000708300000| Untracked 
|  92|0x0000000708400000, 0x0000000708400000, 0x0000000708500000|  0%| F|  |TAMS 0x0000000708400000, 0x0000000708400000| Untracked 
|  93|0x0000000708500000, 0x0000000708500000, 0x0000000708600000|  0%| F|  |TAMS 0x0000000708500000, 0x0000000708500000| Untracked 
|  94|0x0000000708600000, 0x0000000708600000, 0x0000000708700000|  0%| F|  |TAMS 0x0000000708600000, 0x0000000708600000| Untracked 
|  95|0x0000000708700000, 0x0000000708700000, 0x0000000708800000|  0%| F|  |TAMS 0x0000000708700000, 0x0000000708700000| Untracked 
|  96|0x0000000708800000, 0x0000000708800000, 0x0000000708900000|  0%| F|  |TAMS 0x0000000708800000, 0x0000000708800000| Untracked 
|  97|0x0000000708900000, 0x0000000708900000, 0x0000000708a00000|  0%| F|  |TAMS 0x0000000708900000, 0x0000000708900000| Untracked 
|  98|0x0000000708a00000, 0x0000000708a00000, 0x0000000708b00000|  0%| F|  |TAMS 0x0000000708a00000, 0x0000000708a00000| Untracked 
|  99|0x0000000708b00000, 0x0000000708b00000, 0x0000000708c00000|  0%| F|  |TAMS 0x0000000708b00000, 0x0000000708b00000| Untracked 
| 100|0x0000000708c00000, 0x0000000708c00000, 0x0000000708d00000|  0%| F|  |TAMS 0x0000000708c00000, 0x0000000708c00000| Untracked 
| 101|0x0000000708d00000, 0x0000000708d00000, 0x0000000708e00000|  0%| F|  |TAMS 0x0000000708d00000, 0x0000000708d00000| Untracked 
| 102|0x0000000708e00000, 0x0000000708e00000, 0x0000000708f00000|  0%| F|  |TAMS 0x0000000708e00000, 0x0000000708e00000| Untracked 
| 103|0x0000000708f00000, 0x0000000708f00000, 0x0000000709000000|  0%| F|  |TAMS 0x0000000708f00000, 0x0000000708f00000| Untracked 
| 104|0x0000000709000000, 0x0000000709000000, 0x0000000709100000|  0%| F|  |TAMS 0x0000000709000000, 0x0000000709000000| Untracked 
| 105|0x0000000709100000, 0x0000000709100000, 0x0000000709200000|  0%| F|  |TAMS 0x0000000709100000, 0x0000000709100000| Untracked 
| 106|0x0000000709200000, 0x0000000709200000, 0x0000000709300000|  0%| F|  |TAMS 0x0000000709200000, 0x0000000709200000| Untracked 
| 107|0x0000000709300000, 0x0000000709300000, 0x0000000709400000|  0%| F|  |TAMS 0x0000000709300000, 0x0000000709300000| Untracked 
| 108|0x0000000709400000, 0x0000000709400000, 0x0000000709500000|  0%| F|  |TAMS 0x0000000709400000, 0x0000000709400000| Untracked 
| 109|0x0000000709500000, 0x0000000709500000, 0x0000000709600000|  0%| F|  |TAMS 0x0000000709500000, 0x0000000709500000| Untracked 
| 110|0x0000000709600000, 0x0000000709600000, 0x0000000709700000|  0%| F|  |TAMS 0x0000000709600000, 0x0000000709600000| Untracked 
| 111|0x0000000709700000, 0x0000000709700000, 0x0000000709800000|  0%| F|  |TAMS 0x0000000709700000, 0x0000000709700000| Untracked 
| 112|0x0000000709800000, 0x0000000709800000, 0x0000000709900000|  0%| F|  |TAMS 0x0000000709800000, 0x0000000709800000| Untracked 
| 113|0x0000000709900000, 0x0000000709900000, 0x0000000709a00000|  0%| F|  |TAMS 0x0000000709900000, 0x0000000709900000| Untracked 
| 114|0x0000000709a00000, 0x0000000709a00000, 0x0000000709b00000|  0%| F|  |TAMS 0x0000000709a00000, 0x0000000709a00000| Untracked 
| 115|0x0000000709b00000, 0x0000000709b00000, 0x0000000709c00000|  0%| F|  |TAMS 0x0000000709b00000, 0x0000000709b00000| Untracked 
| 116|0x0000000709c00000, 0x0000000709c00000, 0x0000000709d00000|  0%| F|  |TAMS 0x0000000709c00000, 0x0000000709c00000| Untracked 
| 117|0x0000000709d00000, 0x0000000709d00000, 0x0000000709e00000|  0%| F|  |TAMS 0x0000000709d00000, 0x0000000709d00000| Untracked 
| 118|0x0000000709e00000, 0x0000000709e00000, 0x0000000709f00000|  0%| F|  |TAMS 0x0000000709e00000, 0x0000000709e00000| Untracked 
| 119|0x0000000709f00000, 0x0000000709f00000, 0x000000070a000000|  0%| F|  |TAMS 0x0000000709f00000, 0x0000000709f00000| Untracked 
| 120|0x000000070a000000, 0x000000070a000000, 0x000000070a100000|  0%| F|  |TAMS 0x000000070a000000, 0x000000070a000000| Untracked 
| 121|0x000000070a100000, 0x000000070a100000, 0x000000070a200000|  0%| F|  |TAMS 0x000000070a100000, 0x000000070a100000| Untracked 
| 122|0x000000070a200000, 0x000000070a200000, 0x000000070a300000|  0%| F|  |TAMS 0x000000070a200000, 0x000000070a200000| Untracked 
| 123|0x000000070a300000, 0x000000070a300000, 0x000000070a400000|  0%| F|  |TAMS 0x000000070a300000, 0x000000070a300000| Untracked 
| 124|0x000000070a400000, 0x000000070a400000, 0x000000070a500000|  0%| F|  |TAMS 0x000000070a400000, 0x000000070a400000| Untracked 
| 125|0x000000070a500000, 0x000000070a500000, 0x000000070a600000|  0%| F|  |TAMS 0x000000070a500000, 0x000000070a500000| Untracked 
| 126|0x000000070a600000, 0x000000070a600000, 0x000000070a700000|  0%| F|  |TAMS 0x000000070a600000, 0x000000070a600000| Untracked 
| 127|0x000000070a700000, 0x000000070a700000, 0x000000070a800000|  0%| F|  |TAMS 0x000000070a700000, 0x000000070a700000| Untracked 
| 128|0x000000070a800000, 0x000000070a800000, 0x000000070a900000|  0%| F|  |TAMS 0x000000070a800000, 0x000000070a800000| Untracked 
| 129|0x000000070a900000, 0x000000070a900000, 0x000000070aa00000|  0%| F|  |TAMS 0x000000070a900000, 0x000000070a900000| Untracked 
| 130|0x000000070aa00000, 0x000000070aa00000, 0x000000070ab00000|  0%| F|  |TAMS 0x000000070aa00000, 0x000000070aa00000| Untracked 
| 131|0x000000070ab00000, 0x000000070ab00000, 0x000000070ac00000|  0%| F|  |TAMS 0x000000070ab00000, 0x000000070ab00000| Untracked 
| 132|0x000000070ac00000, 0x000000070ac00000, 0x000000070ad00000|  0%| F|  |TAMS 0x000000070ac00000, 0x000000070ac00000| Untracked 
| 133|0x000000070ad00000, 0x000000070ad00000, 0x000000070ae00000|  0%| F|  |TAMS 0x000000070ad00000, 0x000000070ad00000| Untracked 
| 134|0x000000070ae00000, 0x000000070ae00000, 0x000000070af00000|  0%| F|  |TAMS 0x000000070ae00000, 0x000000070ae00000| Untracked 
| 135|0x000000070af00000, 0x000000070af00000, 0x000000070b000000|  0%| F|  |TAMS 0x000000070af00000, 0x000000070af00000| Untracked 
| 136|0x000000070b000000, 0x000000070b000000, 0x000000070b100000|  0%| F|  |TAMS 0x000000070b000000, 0x000000070b000000| Untracked 
| 137|0x000000070b100000, 0x000000070b100000, 0x000000070b200000|  0%| F|  |TAMS 0x000000070b100000, 0x000000070b100000| Untracked 
| 138|0x000000070b200000, 0x000000070b200000, 0x000000070b300000|  0%| F|  |TAMS 0x000000070b200000, 0x000000070b200000| Untracked 
| 139|0x000000070b300000, 0x000000070b300000, 0x000000070b400000|  0%| F|  |TAMS 0x000000070b300000, 0x000000070b300000| Untracked 
| 140|0x000000070b400000, 0x000000070b400000, 0x000000070b500000|  0%| F|  |TAMS 0x000000070b400000, 0x000000070b400000| Untracked 
| 141|0x000000070b500000, 0x000000070b500000, 0x000000070b600000|  0%| F|  |TAMS 0x000000070b500000, 0x000000070b500000| Untracked 
| 142|0x000000070b600000, 0x000000070b600000, 0x000000070b700000|  0%| F|  |TAMS 0x000000070b600000, 0x000000070b600000| Untracked 
| 143|0x000000070b700000, 0x000000070b700000, 0x000000070b800000|  0%| F|  |TAMS 0x000000070b700000, 0x000000070b700000| Untracked 
| 144|0x000000070b800000, 0x000000070b800000, 0x000000070b900000|  0%| F|  |TAMS 0x000000070b800000, 0x000000070b800000| Untracked 
| 145|0x000000070b900000, 0x000000070b900000, 0x000000070ba00000|  0%| F|  |TAMS 0x000000070b900000, 0x000000070b900000| Untracked 
| 146|0x000000070ba00000, 0x000000070ba00000, 0x000000070bb00000|  0%| F|  |TAMS 0x000000070ba00000, 0x000000070ba00000| Untracked 
| 147|0x000000070bb00000, 0x000000070bb00000, 0x000000070bc00000|  0%| F|  |TAMS 0x000000070bb00000, 0x000000070bb00000| Untracked 
| 148|0x000000070bc00000, 0x000000070bc00000, 0x000000070bd00000|  0%| F|  |TAMS 0x000000070bc00000, 0x000000070bc00000| Untracked 
| 149|0x000000070bd00000, 0x000000070bd00000, 0x000000070be00000|  0%| F|  |TAMS 0x000000070bd00000, 0x000000070bd00000| Untracked 
| 150|0x000000070be00000, 0x000000070be00000, 0x000000070bf00000|  0%| F|  |TAMS 0x000000070be00000, 0x000000070be00000| Untracked 
| 151|0x000000070bf00000, 0x000000070bf00000, 0x000000070c000000|  0%| F|  |TAMS 0x000000070bf00000, 0x000000070bf00000| Untracked 
| 152|0x000000070c000000, 0x000000070c000000, 0x000000070c100000|  0%| F|  |TAMS 0x000000070c000000, 0x000000070c000000| Untracked 
| 153|0x000000070c100000, 0x000000070c100000, 0x000000070c200000|  0%| F|  |TAMS 0x000000070c100000, 0x000000070c100000| Untracked 
| 154|0x000000070c200000, 0x000000070c200000, 0x000000070c300000|  0%| F|  |TAMS 0x000000070c200000, 0x000000070c200000| Untracked 
| 155|0x000000070c300000, 0x000000070c300000, 0x000000070c400000|  0%| F|  |TAMS 0x000000070c300000, 0x000000070c300000| Untracked 
| 156|0x000000070c400000, 0x000000070c400000, 0x000000070c500000|  0%| F|  |TAMS 0x000000070c400000, 0x000000070c400000| Untracked 
| 157|0x000000070c500000, 0x000000070c500000, 0x000000070c600000|  0%| F|  |TAMS 0x000000070c500000, 0x000000070c500000| Untracked 
| 158|0x000000070c600000, 0x000000070c600000, 0x000000070c700000|  0%| F|  |TAMS 0x000000070c600000, 0x000000070c600000| Untracked 
| 159|0x000000070c700000, 0x000000070c700000, 0x000000070c800000|  0%| F|  |TAMS 0x000000070c700000, 0x000000070c700000| Untracked 
| 160|0x000000070c800000, 0x000000070c800000, 0x000000070c900000|  0%| F|  |TAMS 0x000000070c800000, 0x000000070c800000| Untracked 
| 161|0x000000070c900000, 0x000000070c900000, 0x000000070ca00000|  0%| F|  |TAMS 0x000000070c900000, 0x000000070c900000| Untracked 
| 162|0x000000070ca00000, 0x000000070ca00000, 0x000000070cb00000|  0%| F|  |TAMS 0x000000070ca00000, 0x000000070ca00000| Untracked 
| 163|0x000000070cb00000, 0x000000070cb00000, 0x000000070cc00000|  0%| F|  |TAMS 0x000000070cb00000, 0x000000070cb00000| Untracked 
| 164|0x000000070cc00000, 0x000000070cc00000, 0x000000070cd00000|  0%| F|  |TAMS 0x000000070cc00000, 0x000000070cc00000| Untracked 
| 165|0x000000070cd00000, 0x000000070cd00000, 0x000000070ce00000|  0%| F|  |TAMS 0x000000070cd00000, 0x000000070cd00000| Untracked 
| 166|0x000000070ce00000, 0x000000070ce00000, 0x000000070cf00000|  0%| F|  |TAMS 0x000000070ce00000, 0x000000070ce00000| Untracked 
| 167|0x000000070cf00000, 0x000000070cf00000, 0x000000070d000000|  0%| F|  |TAMS 0x000000070cf00000, 0x000000070cf00000| Untracked 
| 168|0x000000070d000000, 0x000000070d000000, 0x000000070d100000|  0%| F|  |TAMS 0x000000070d000000, 0x000000070d000000| Untracked 
| 169|0x000000070d100000, 0x000000070d100000, 0x000000070d200000|  0%| F|  |TAMS 0x000000070d100000, 0x000000070d100000| Untracked 
| 170|0x000000070d200000, 0x000000070d200000, 0x000000070d300000|  0%| F|  |TAMS 0x000000070d200000, 0x000000070d200000| Untracked 
| 171|0x000000070d300000, 0x000000070d300000, 0x000000070d400000|  0%| F|  |TAMS 0x000000070d300000, 0x000000070d300000| Untracked 
| 172|0x000000070d400000, 0x000000070d400000, 0x000000070d500000|  0%| F|  |TAMS 0x000000070d400000, 0x000000070d400000| Untracked 
| 173|0x000000070d500000, 0x000000070d500000, 0x000000070d600000|  0%| F|  |TAMS 0x000000070d500000, 0x000000070d500000| Untracked 
| 174|0x000000070d600000, 0x000000070d600000, 0x000000070d700000|  0%| F|  |TAMS 0x000000070d600000, 0x000000070d600000| Untracked 
| 175|0x000000070d700000, 0x000000070d700000, 0x000000070d800000|  0%| F|  |TAMS 0x000000070d700000, 0x000000070d700000| Untracked 
| 176|0x000000070d800000, 0x000000070d800000, 0x000000070d900000|  0%| F|  |TAMS 0x000000070d800000, 0x000000070d800000| Untracked 
| 177|0x000000070d900000, 0x000000070d900000, 0x000000070da00000|  0%| F|  |TAMS 0x000000070d900000, 0x000000070d900000| Untracked 
| 178|0x000000070da00000, 0x000000070da00000, 0x000000070db00000|  0%| F|  |TAMS 0x000000070da00000, 0x000000070da00000| Untracked 
| 179|0x000000070db00000, 0x000000070db00000, 0x000000070dc00000|  0%| F|  |TAMS 0x000000070db00000, 0x000000070db00000| Untracked 
| 180|0x000000070dc00000, 0x000000070dc00000, 0x000000070dd00000|  0%| F|  |TAMS 0x000000070dc00000, 0x000000070dc00000| Untracked 
| 181|0x000000070dd00000, 0x000000070dd00000, 0x000000070de00000|  0%| F|  |TAMS 0x000000070dd00000, 0x000000070dd00000| Untracked 
| 182|0x000000070de00000, 0x000000070de00000, 0x000000070df00000|  0%| F|  |TAMS 0x000000070de00000, 0x000000070de00000| Untracked 
| 183|0x000000070df00000, 0x000000070df00000, 0x000000070e000000|  0%| F|  |TAMS 0x000000070df00000, 0x000000070df00000| Untracked 
| 184|0x000000070e000000, 0x000000070e000000, 0x000000070e100000|  0%| F|  |TAMS 0x000000070e000000, 0x000000070e000000| Untracked 
| 185|0x000000070e100000, 0x000000070e100000, 0x000000070e200000|  0%| F|  |TAMS 0x000000070e100000, 0x000000070e100000| Untracked 
| 186|0x000000070e200000, 0x000000070e200000, 0x000000070e300000|  0%| F|  |TAMS 0x000000070e200000, 0x000000070e200000| Untracked 
| 187|0x000000070e300000, 0x000000070e300000, 0x000000070e400000|  0%| F|  |TAMS 0x000000070e300000, 0x000000070e300000| Untracked 
| 188|0x000000070e400000, 0x000000070e400000, 0x000000070e500000|  0%| F|  |TAMS 0x000000070e400000, 0x000000070e400000| Untracked 
| 189|0x000000070e500000, 0x000000070e500000, 0x000000070e600000|  0%| F|  |TAMS 0x000000070e500000, 0x000000070e500000| Untracked 
| 190|0x000000070e600000, 0x000000070e600000, 0x000000070e700000|  0%| F|  |TAMS 0x000000070e600000, 0x000000070e600000| Untracked 
| 191|0x000000070e700000, 0x000000070e700000, 0x000000070e800000|  0%| F|  |TAMS 0x000000070e700000, 0x000000070e700000| Untracked 
| 192|0x000000070e800000, 0x000000070e800000, 0x000000070e900000|  0%| F|  |TAMS 0x000000070e800000, 0x000000070e800000| Untracked 
| 193|0x000000070e900000, 0x000000070e900000, 0x000000070ea00000|  0%| F|  |TAMS 0x000000070e900000, 0x000000070e900000| Untracked 
| 194|0x000000070ea00000, 0x000000070ea00000, 0x000000070eb00000|  0%| F|  |TAMS 0x000000070ea00000, 0x000000070ea00000| Untracked 
| 195|0x000000070eb00000, 0x000000070eb00000, 0x000000070ec00000|  0%| F|  |TAMS 0x000000070eb00000, 0x000000070eb00000| Untracked 
| 196|0x000000070ec00000, 0x000000070ec00000, 0x000000070ed00000|  0%| F|  |TAMS 0x000000070ec00000, 0x000000070ec00000| Untracked 
| 197|0x000000070ed00000, 0x000000070ed00000, 0x000000070ee00000|  0%| F|  |TAMS 0x000000070ed00000, 0x000000070ed00000| Untracked 
| 198|0x000000070ee00000, 0x000000070ee00000, 0x000000070ef00000|  0%| F|  |TAMS 0x000000070ee00000, 0x000000070ee00000| Untracked 
| 199|0x000000070ef00000, 0x000000070ef00000, 0x000000070f000000|  0%| F|  |TAMS 0x000000070ef00000, 0x000000070ef00000| Untracked 
| 200|0x000000070f000000, 0x000000070f000000, 0x000000070f100000|  0%| F|  |TAMS 0x000000070f000000, 0x000000070f000000| Untracked 
| 201|0x000000070f100000, 0x000000070f100000, 0x000000070f200000|  0%| F|  |TAMS 0x000000070f100000, 0x000000070f100000| Untracked 
| 202|0x000000070f200000, 0x000000070f200000, 0x000000070f300000|  0%| F|  |TAMS 0x000000070f200000, 0x000000070f200000| Untracked 
| 203|0x000000070f300000, 0x000000070f300000, 0x000000070f400000|  0%| F|  |TAMS 0x000000070f300000, 0x000000070f300000| Untracked 
| 204|0x000000070f400000, 0x000000070f400000, 0x000000070f500000|  0%| F|  |TAMS 0x000000070f400000, 0x000000070f400000| Untracked 
| 205|0x000000070f500000, 0x000000070f500000, 0x000000070f600000|  0%| F|  |TAMS 0x000000070f500000, 0x000000070f500000| Untracked 
| 206|0x000000070f600000, 0x000000070f600000, 0x000000070f700000|  0%| F|  |TAMS 0x000000070f600000, 0x000000070f600000| Untracked 
| 207|0x000000070f700000, 0x000000070f700000, 0x000000070f800000|  0%| F|  |TAMS 0x000000070f700000, 0x000000070f700000| Untracked 
| 208|0x000000070f800000, 0x000000070f800000, 0x000000070f900000|  0%| F|  |TAMS 0x000000070f800000, 0x000000070f800000| Untracked 
| 209|0x000000070f900000, 0x000000070f900000, 0x000000070fa00000|  0%| F|  |TAMS 0x000000070f900000, 0x000000070f900000| Untracked 
| 210|0x000000070fa00000, 0x000000070fa00000, 0x000000070fb00000|  0%| F|  |TAMS 0x000000070fa00000, 0x000000070fa00000| Untracked 
| 211|0x000000070fb00000, 0x000000070fb00000, 0x000000070fc00000|  0%| F|  |TAMS 0x000000070fb00000, 0x000000070fb00000| Untracked 
| 212|0x000000070fc00000, 0x000000070fc00000, 0x000000070fd00000|  0%| F|  |TAMS 0x000000070fc00000, 0x000000070fc00000| Untracked 
| 213|0x000000070fd00000, 0x000000070fd00000, 0x000000070fe00000|  0%| F|  |TAMS 0x000000070fd00000, 0x000000070fd00000| Untracked 
| 214|0x000000070fe00000, 0x000000070fe00000, 0x000000070ff00000|  0%| F|  |TAMS 0x000000070fe00000, 0x000000070fe00000| Untracked 
| 215|0x000000070ff00000, 0x000000070ff00000, 0x0000000710000000|  0%| F|  |TAMS 0x000000070ff00000, 0x000000070ff00000| Untracked 
| 216|0x0000000710000000, 0x0000000710000000, 0x0000000710100000|  0%| F|  |TAMS 0x0000000710000000, 0x0000000710000000| Untracked 
| 217|0x0000000710100000, 0x0000000710100000, 0x0000000710200000|  0%| F|  |TAMS 0x0000000710100000, 0x0000000710100000| Untracked 
| 218|0x0000000710200000, 0x0000000710200000, 0x0000000710300000|  0%| F|  |TAMS 0x0000000710200000, 0x0000000710200000| Untracked 
| 219|0x0000000710300000, 0x0000000710300000, 0x0000000710400000|  0%| F|  |TAMS 0x0000000710300000, 0x0000000710300000| Untracked 
| 220|0x0000000710400000, 0x0000000710400000, 0x0000000710500000|  0%| F|  |TAMS 0x0000000710400000, 0x0000000710400000| Untracked 
| 221|0x0000000710500000, 0x0000000710500000, 0x0000000710600000|  0%| F|  |TAMS 0x0000000710500000, 0x0000000710500000| Untracked 
| 222|0x0000000710600000, 0x0000000710600000, 0x0000000710700000|  0%| F|  |TAMS 0x0000000710600000, 0x0000000710600000| Untracked 
| 223|0x0000000710700000, 0x0000000710700000, 0x0000000710800000|  0%| F|  |TAMS 0x0000000710700000, 0x0000000710700000| Untracked 
| 224|0x0000000710800000, 0x0000000710800000, 0x0000000710900000|  0%| F|  |TAMS 0x0000000710800000, 0x0000000710800000| Untracked 
| 225|0x0000000710900000, 0x0000000710900000, 0x0000000710a00000|  0%| F|  |TAMS 0x0000000710900000, 0x0000000710900000| Untracked 
| 226|0x0000000710a00000, 0x0000000710a00000, 0x0000000710b00000|  0%| F|  |TAMS 0x0000000710a00000, 0x0000000710a00000| Untracked 
| 227|0x0000000710b00000, 0x0000000710b00000, 0x0000000710c00000|  0%| F|  |TAMS 0x0000000710b00000, 0x0000000710b00000| Untracked 
| 228|0x0000000710c00000, 0x0000000710c00000, 0x0000000710d00000|  0%| F|  |TAMS 0x0000000710c00000, 0x0000000710c00000| Untracked 
| 229|0x0000000710d00000, 0x0000000710d00000, 0x0000000710e00000|  0%| F|  |TAMS 0x0000000710d00000, 0x0000000710d00000| Untracked 
| 230|0x0000000710e00000, 0x0000000710e00000, 0x0000000710f00000|  0%| F|  |TAMS 0x0000000710e00000, 0x0000000710e00000| Untracked 
| 231|0x0000000710f00000, 0x0000000710f00000, 0x0000000711000000|  0%| F|  |TAMS 0x0000000710f00000, 0x0000000710f00000| Untracked 
| 232|0x0000000711000000, 0x0000000711000000, 0x0000000711100000|  0%| F|  |TAMS 0x0000000711000000, 0x0000000711000000| Untracked 
| 233|0x0000000711100000, 0x0000000711100000, 0x0000000711200000|  0%| F|  |TAMS 0x0000000711100000, 0x0000000711100000| Untracked 
| 234|0x0000000711200000, 0x0000000711200000, 0x0000000711300000|  0%| F|  |TAMS 0x0000000711200000, 0x0000000711200000| Untracked 
| 235|0x0000000711300000, 0x0000000711300000, 0x0000000711400000|  0%| F|  |TAMS 0x0000000711300000, 0x0000000711300000| Untracked 
| 236|0x0000000711400000, 0x0000000711400000, 0x0000000711500000|  0%| F|  |TAMS 0x0000000711400000, 0x0000000711400000| Untracked 
| 237|0x0000000711500000, 0x0000000711500000, 0x0000000711600000|  0%| F|  |TAMS 0x0000000711500000, 0x0000000711500000| Untracked 
| 238|0x0000000711600000, 0x0000000711600000, 0x0000000711700000|  0%| F|  |TAMS 0x0000000711600000, 0x0000000711600000| Untracked 
| 239|0x0000000711700000, 0x0000000711700000, 0x0000000711800000|  0%| F|  |TAMS 0x0000000711700000, 0x0000000711700000| Untracked 
| 240|0x0000000711800000, 0x0000000711800000, 0x0000000711900000|  0%| F|  |TAMS 0x0000000711800000, 0x0000000711800000| Untracked 
| 241|0x0000000711900000, 0x0000000711900000, 0x0000000711a00000|  0%| F|  |TAMS 0x0000000711900000, 0x0000000711900000| Untracked 
| 242|0x0000000711a00000, 0x0000000711a00000, 0x0000000711b00000|  0%| F|  |TAMS 0x0000000711a00000, 0x0000000711a00000| Untracked 
| 243|0x0000000711b00000, 0x0000000711b00000, 0x0000000711c00000|  0%| F|  |TAMS 0x0000000711b00000, 0x0000000711b00000| Untracked 
| 244|0x0000000711c00000, 0x0000000711c00000, 0x0000000711d00000|  0%| F|  |TAMS 0x0000000711c00000, 0x0000000711c00000| Untracked 
| 245|0x0000000711d00000, 0x0000000711d00000, 0x0000000711e00000|  0%| F|  |TAMS 0x0000000711d00000, 0x0000000711d00000| Untracked 
| 246|0x0000000711e00000, 0x0000000711e00000, 0x0000000711f00000|  0%| F|  |TAMS 0x0000000711e00000, 0x0000000711e00000| Untracked 
| 247|0x0000000711f00000, 0x0000000711f00000, 0x0000000712000000|  0%| F|  |TAMS 0x0000000711f00000, 0x0000000711f00000| Untracked 
| 248|0x0000000712000000, 0x0000000712000000, 0x0000000712100000|  0%| F|  |TAMS 0x0000000712000000, 0x0000000712000000| Untracked 
| 249|0x0000000712100000, 0x0000000712100000, 0x0000000712200000|  0%| F|  |TAMS 0x0000000712100000, 0x0000000712100000| Untracked 
| 250|0x0000000712200000, 0x0000000712296de8, 0x0000000712300000| 58%| E|  |TAMS 0x0000000712200000, 0x0000000712200000| Complete 
| 251|0x0000000712300000, 0x0000000712400000, 0x0000000712400000|100%| E|  |TAMS 0x0000000712300000, 0x0000000712300000| Complete 
| 252|0x0000000712400000, 0x0000000712500000, 0x0000000712500000|100%| E|CS|TAMS 0x0000000712400000, 0x0000000712400000| Complete 
| 253|0x0000000712500000, 0x0000000712600000, 0x0000000712600000|100%| E|CS|TAMS 0x0000000712500000, 0x0000000712500000| Complete 

Card table byte_map: [0x00000199fe930000,0x00000199ff120000] _byte_map_base: 0x00000199fb11c000

Marking Bits (Prev, Next): (CMBitMap*) 0x00000199e4a66b78, (CMBitMap*) 0x00000199e4a66bb8
 Prev Bits: [0x0000019980000000, 0x0000019983f60000)
 Next Bits: [0x0000019983f60000, 0x0000019987ec0000)

Polling page: 0x00000199e4ac0000

Metaspace:

Usage:
  Non-class:      4.18 MB capacity,     2.11 MB ( 51%) used,     2.06 MB ( 49%) free+waste,     2.94 KB ( <1%) overhead. 
      Class:    446.00 KB capacity,   245.75 KB ( 55%) used,   198.50 KB ( 45%) free+waste,     1.75 KB ( <1%) overhead. 
       Both:      4.61 MB capacity,     2.35 MB ( 51%) used,     2.26 MB ( 49%) free+waste,     4.69 KB ( <1%) overhead. 

Virtual space:
  Non-class space:        8.00 MB reserved,       4.25 MB ( 53%) committed 
      Class space:        1.00 GB reserved,     512.00 KB ( <1%) committed 
             Both:        1.01 GB reserved,       4.75 MB ( <1%) committed 

Chunk freelists:
   Non-Class:  11.00 KB
       Class:  2.00 KB
        Both:  13.00 KB

MaxMetaspaceSize: 17179869184.00 GB
CompressedClassSpaceSize: 1.00 GB

CodeHeap 'non-profiled nmethods': size=120000Kb used=115Kb max_used=115Kb free=119885Kb
 bounds [0x00000199f6190000, 0x00000199f6400000, 0x00000199fd6c0000]
CodeHeap 'profiled nmethods': size=120000Kb used=509Kb max_used=509Kb free=119491Kb
 bounds [0x00000199eec60000, 0x00000199eeed0000, 0x00000199f6190000]
CodeHeap 'non-nmethods': size=5760Kb used=1211Kb max_used=1227Kb free=4548Kb
 bounds [0x00000199ee6c0000, 0x00000199ee930000, 0x00000199eec60000]
 total_blobs=1088 nmethods=360 adapters=281
 compilation: enabled
              stopped_count=0, restarted_count=0
 full_count=0

Compilation events (20 events):
Event: 0.279 Thread 0x000001998ac8f800 nmethod 344 0x00000199eecd9d90 code [0x00000199eecd9f40, 0x00000199eecda0d8]
Event: 0.279 Thread 0x000001998ac8f800  345       1       sun.invoke.util.Wrapper::basicTypeChar (5 bytes)
Event: 0.279 Thread 0x000001998ac8f800 nmethod 345 0x00000199f61aa490 code [0x00000199f61aa620, 0x00000199f61aa758]
Event: 0.280 Thread 0x000001998ac8f800  352       3       java.lang.invoke.MethodType::makeImpl (108 bytes)
Event: 0.280 Thread 0x000001998ac8f800 nmethod 352 0x00000199eecda190 code [0x00000199eecda460, 0x00000199eecdb400]
Event: 0.280 Thread 0x000001998ac8f800  353       3       java.lang.invoke.MethodType::<init> (15 bytes)
Event: 0.280 Thread 0x000001998ac8f800 nmethod 353 0x00000199eecdb910 code [0x00000199eecdbac0, 0x00000199eecdbd58]
Event: 0.280 Thread 0x000001998ac8f800  354       3       java.lang.invoke.MethodType$ConcurrentWeakInternSet::get (47 bytes)
Event: 0.281 Thread 0x000001998ac8f800 nmethod 354 0x00000199eecdbe10 code [0x00000199eecdc060, 0x00000199eecdcbc0]
Event: 0.282 Thread 0x000001998ac8f800  355       3       java.lang.StringLatin1::inflate (34 bytes)
Event: 0.282 Thread 0x000001998ac8f800 nmethod 355 0x00000199eecdcf90 code [0x00000199eecdd140, 0x00000199eecdd398]
Event: 0.283 Thread 0x000001998ac8f800  356       3       java.lang.String::startsWith (138 bytes)
Event: 0.283 Thread 0x000001998af57000  359       4       java.lang.StringLatin1::charAt (28 bytes)
Event: 0.283 Thread 0x000001998ac8f800 nmethod 356 0x00000199eecdd510 code [0x00000199eecdd720, 0x00000199eecddfd8]
Event: 0.283 Thread 0x000001998ac8f800  358       3       java.lang.String::charAt (25 bytes)
Event: 0.284 Thread 0x000001998ac8f800 nmethod 358 0x00000199eecde290 code [0x00000199eecde4a0, 0x00000199eecdea60]
Event: 0.284 Thread 0x000001998ac8f800  360       3       java.lang.StringLatin1::lastIndexOf (40 bytes)
Event: 0.284 Thread 0x000001998ac8f800 nmethod 360 0x00000199eecdec90 code [0x00000199eecdee60, 0x00000199eecdf278]
Event: 0.284 Thread 0x000001998af57000 nmethod 359 0x00000199f61ab310 code [0x00000199f61ab4a0, 0x00000199f61ab578]
Event: 0.286 Thread 0x000001998ac87000 nmethod 325% 0x00000199f61ab690 code [0x00000199f61ab840, 0x00000199f61ac8b8]

GC Heap History (0 events):
No events

Deoptimization events (12 events):
Event: 0.200 Thread 0x00000199e49fb000 Uncommon trap: trap_request=0xffffffde fr.pc=0x00000199f619e0a8 relative=0x0000000000000a28
Event: 0.200 Thread 0x00000199e49fb000 Uncommon trap: reason=class_check action=maybe_recompile pc=0x00000199f619e0a8 method=java.util.HashMap.putVal(ILjava/lang/Object;Ljava/lang/Object;ZZ)Ljava/lang/Object; @ 152 c2
Event: 0.200 Thread 0x00000199e49fb000 DEOPT PACKING pc=0x00000199f619e0a8 sp=0x0000000935efe230
Event: 0.200 Thread 0x00000199e49fb000 DEOPT UNPACKING pc=0x00000199ee70912f sp=0x0000000935efe1c0 mode 2
Event: 0.211 Thread 0x00000199e49fb000 Uncommon trap: trap_request=0xffffff45 fr.pc=0x00000199f619e1b0 relative=0x0000000000000b30
Event: 0.211 Thread 0x00000199e49fb000 Uncommon trap: reason=unstable_if action=reinterpret pc=0x00000199f619e1b0 method=java.util.HashMap.putVal(ILjava/lang/Object;Ljava/lang/Object;ZZ)Ljava/lang/Object; @ 181 c2
Event: 0.211 Thread 0x00000199e49fb000 DEOPT PACKING pc=0x00000199f619e1b0 sp=0x0000000935efe030
Event: 0.211 Thread 0x00000199e49fb000 DEOPT UNPACKING pc=0x00000199ee70912f sp=0x0000000935efdfe0 mode 2
Event: 0.282 Thread 0x00000199e49fb000 Uncommon trap: trap_request=0xffffff45 fr.pc=0x00000199f619f20c relative=0x00000000000000ec
Event: 0.282 Thread 0x00000199e49fb000 Uncommon trap: reason=unstable_if action=reinterpret pc=0x00000199f619f20c method=java.lang.String.isLatin1()Z @ 10 c2
Event: 0.282 Thread 0x00000199e49fb000 DEOPT PACKING pc=0x00000199f619f20c sp=0x0000000935efed00
Event: 0.282 Thread 0x00000199e49fb000 DEOPT UNPACKING pc=0x00000199ee70912f sp=0x0000000935efec50 mode 2

Classes unloaded (0 events):
No events

Classes redefined (20 events):
Event: 1041.354 Thread 0x000001998a3e3800 redefined class name=MethodTest, count=8
Event: 1085.111 Thread 0x000001998a3e3800 redefined class name=MethodTest, count=9
Event: 1143.225 Thread 0x000001998a3e3800 redefined class name=Range, count=4
Event: 1247.545 Thread 0x000001998a3e3800 redefined class name=Range, count=5
Event: 1344.138 Thread 0x000001998a3e3800 redefined class name=Range, count=6
Event: 1485.847 Thread 0x000001998a3e3800 redefined class name=Range, count=7
Event: 1563.892 Thread 0x000001998a3e3800 redefined class name=Range, count=8
Event: 1772.878 Thread 0x000001998a3e3800 redefined class name=Range, count=9
Event: 1799.169 Thread 0x000001998a3e3800 redefined class name=Range, count=10
Event: 1806.972 Thread 0x000001998a3e3800 redefined class name=Range, count=11
Event: 1868.910 Thread 0x000001998a3e3800 redefined class name=Range, count=12
Event: 34289.570 Thread 0x000001998a3e3800 redefined class name=MethodTest, count=10
Event: 34355.764 Thread 0x000001998a3e3800 redefined class name=Range, count=13
Event: 34458.873 Thread 0x000001998a3e3800 redefined class name=MethodTest, count=11
Event: 34492.388 Thread 0x000001998a3e3800 redefined class name=Range, count=14
Event: 35001.993 Thread 0x000001998a3e3800 redefined class name=Range, count=15
Event: 35011.899 Thread 0x000001998a3e3800 redefined class name=Range, count=16
Event: 35021.313 Thread 0x000001998a3e3800 redefined class name=Range, count=17
Event: 35028.300 Thread 0x000001998a3e3800 redefined class name=Range, count=18
Event: 35040.986 Thread 0x000001998a3e3800 redefined class name=Range, count=19

Internal exceptions (0 events):
No events

Events (20 events):
Event: 35041.005 Executing VM operation: ChangeBreakpoints
Event: 35041.005 Executing VM operation: ChangeBreakpoints done
Event: 35041.014 Executing VM operation: ChangeBreakpoints
Event: 35041.014 Executing VM operation: ChangeBreakpoints done
Event: 35041.018 Executing VM operation: ChangeBreakpoints
Event: 35041.018 Executing VM operation: ChangeBreakpoints done
Event: 35041.021 Executing VM operation: ChangeBreakpoints
Event: 35041.022 Executing VM operation: ChangeBreakpoints done
Event: 35041.022 Executing VM operation: GetFrameCount
Event: 35041.022 Executing VM operation: GetFrameCount done
Event: 35041.023 Executing VM operation: GetStackTrace
Event: 35041.023 Executing VM operation: GetStackTrace done
Event: 35041.229 Executing VM operation: GetFrameCount
Event: 35041.229 Executing VM operation: GetFrameCount done
Event: 35041.230 Executing VM operation: GetOwnedMonitorInfo
Event: 35041.230 Executing VM operation: GetOwnedMonitorInfo done
Event: 35041.230 Executing VM operation: GetCurrentContendedMonitor
Event: 35041.230 Executing VM operation: GetCurrentContendedMonitor done
Event: 35041.236 Executing VM operation: GetFrameLocation
Event: 35041.236 Executing VM operation: GetFrameLocation done


Dynamic libraries:
0x00007ff6a1350000 - 0x00007ff6a135f000 	C:\Program Files\Java\jdk-13.0.1\bin\javaw.exe
0x00007ffa9ac90000 - 0x00007ffa9ae7d000 	C:\WINDOWS\SYSTEM32\ntdll.dll
0x00007ffa992f0000 - 0x00007ffa993a3000 	C:\WINDOWS\System32\KERNEL32.DLL
0x00007ffa96ef0000 - 0x00007ffa97183000 	C:\WINDOWS\System32\KERNELBASE.dll
0x00007ffa91d70000 - 0x00007ffa91dfc000 	C:\WINDOWS\SYSTEM32\apphelp.dll
0x00007ffa971b0000 - 0x00007ffa972aa000 	C:\WINDOWS\System32\ucrtbase.dll
0x00007ffa8ff90000 - 0x00007ffa8ffa8000 	C:\Program Files\Java\jdk-13.0.1\bin\jli.dll
0x00007ffa985d0000 - 0x00007ffa98673000 	C:\WINDOWS\System32\ADVAPI32.dll
0x00007ffa8ff70000 - 0x00007ffa8ff85000 	C:\Program Files\Java\jdk-13.0.1\bin\VCRUNTIME140.dll
0x00007ffa993b0000 - 0x00007ffa9944e000 	C:\WINDOWS\System32\msvcrt.dll
0x00007ffa99450000 - 0x00007ffa994ee000 	C:\WINDOWS\System32\sechost.dll
0x00007ffa984a0000 - 0x00007ffa985c2000 	C:\WINDOWS\System32\RPCRT4.dll
0x00007ffa98690000 - 0x00007ffa98827000 	C:\WINDOWS\System32\USER32.dll
0x00007ffa84210000 - 0x00007ffa84489000 	C:\WINDOWS\WinSxS\amd64_microsoft.windows.common-controls_6595b64144ccf1df_6.0.17763.864_none_05b3441807210760\COMCTL32.dll
0x00007ffa97eb0000 - 0x00007ffa981dc000 	C:\WINDOWS\System32\combase.dll
0x00007ffa97e30000 - 0x00007ffa97eae000 	C:\WINDOWS\System32\bcryptPrimitives.dll
0x00007ffa96e20000 - 0x00007ffa96e40000 	C:\WINDOWS\System32\win32u.dll
0x00007ffa98d20000 - 0x00007ffa98d49000 	C:\WINDOWS\System32\GDI32.dll
0x00007ffa97c30000 - 0x00007ffa97dc9000 	C:\WINDOWS\System32\gdi32full.dll
0x00007ffa96d50000 - 0x00007ffa96df0000 	C:\WINDOWS\System32\msvcp_win.dll
0x00007ffa8fec0000 - 0x00007ffa8feca000 	C:\WINDOWS\SYSTEM32\VERSION.dll
0x00007ffa983f0000 - 0x00007ffa9841e000 	C:\WINDOWS\System32\IMM32.DLL
0x00007ffa8b850000 - 0x00007ffa8b8eb000 	C:\Program Files\Java\jdk-13.0.1\bin\msvcp140.dll
0x00007ffa3af80000 - 0x00007ffa3bae6000 	C:\Program Files\Java\jdk-13.0.1\bin\server\jvm.dll
0x00007ffa98cb0000 - 0x00007ffa98cb8000 	C:\WINDOWS\System32\PSAPI.DLL
0x00007ffa903d0000 - 0x00007ffa903d9000 	C:\WINDOWS\SYSTEM32\WSOCK32.dll
0x00007ffa991d0000 - 0x00007ffa9923d000 	C:\WINDOWS\System32\WS2_32.dll
0x00007ffa89900000 - 0x00007ffa89924000 	C:\WINDOWS\SYSTEM32\WINMM.dll
0x00007ffa898a0000 - 0x00007ffa898cd000 	C:\WINDOWS\SYSTEM32\winmmbase.dll
0x00007ffa97a00000 - 0x00007ffa97a4a000 	C:\WINDOWS\System32\cfgmgr32.dll
0x00007ffa96cd0000 - 0x00007ffa96ce1000 	C:\WINDOWS\System32\kernel.appcore.dll
0x00007ffa8eed0000 - 0x00007ffa8eee0000 	C:\Program Files\Java\jdk-13.0.1\bin\verify.dll
0x00007ffa955f0000 - 0x00007ffa957dd000 	C:\WINDOWS\SYSTEM32\DBGHELP.DLL
0x00007ffa8db30000 - 0x00007ffa8db5a000 	C:\WINDOWS\SYSTEM32\dbgcore.DLL
0x00007ffa7db00000 - 0x00007ffa7db26000 	C:\Program Files\Java\jdk-13.0.1\bin\java.dll
0x00007ffa8b810000 - 0x00007ffa8b848000 	C:\Program Files\Java\jdk-13.0.1\bin\jdwp.dll
0x00007ffa8ff60000 - 0x00007ffa8ff6e000 	C:\Program Files\Java\jdk-13.0.1\bin\instrument.dll
0x00007ffa8c5d0000 - 0x00007ffa8c5e7000 	C:\Program Files\Java\jdk-13.0.1\bin\zip.dll
0x00007ffa8ee00000 - 0x00007ffa8ee0a000 	C:\Program Files\Java\jdk-13.0.1\bin\jimage.dll
0x00007ffa994f0000 - 0x00007ffa9a9e4000 	C:\WINDOWS\System32\SHELL32.dll
0x00007ffa99240000 - 0x00007ffa992e8000 	C:\WINDOWS\System32\shcore.dll
0x00007ffa972b0000 - 0x00007ffa979fd000 	C:\WINDOWS\System32\windows.storage.dll
0x00007ffa96c80000 - 0x00007ffa96ca4000 	C:\WINDOWS\System32\profapi.dll
0x00007ffa96cf0000 - 0x00007ffa96d4d000 	C:\WINDOWS\System32\powrprof.dll
0x00007ffa9ac00000 - 0x00007ffa9ac52000 	C:\WINDOWS\System32\shlwapi.dll
0x00007ffa97190000 - 0x00007ffa971a7000 	C:\WINDOWS\System32\cryptsp.dll
0x00007ffa8ff20000 - 0x00007ffa8ff2b000 	C:\Program Files\Java\jdk-13.0.1\bin\dt_socket.dll
0x00007ffa964a0000 - 0x00007ffa96507000 	C:\WINDOWS\system32\mswsock.dll
0x00007ffa96210000 - 0x00007ffa962d6000 	C:\WINDOWS\SYSTEM32\DNSAPI.dll
0x00007ffa98e20000 - 0x00007ffa98e28000 	C:\WINDOWS\System32\NSI.dll
0x00007ffa961d0000 - 0x00007ffa9620d000 	C:\WINDOWS\SYSTEM32\IPHLPAPI.DLL
0x00007ffa8ae80000 - 0x00007ffa8ae8a000 	C:\Windows\System32\rasadhlp.dll
0x00007ffa8bb00000 - 0x00007ffa8bb79000 	C:\WINDOWS\System32\fwpuclnt.dll
0x00007ffa96df0000 - 0x00007ffa96e16000 	C:\WINDOWS\System32\bcrypt.dll
0x00007ffa8c520000 - 0x00007ffa8c539000 	C:\Program Files\Java\jdk-13.0.1\bin\net.dll
0x00007ffa91fd0000 - 0x00007ffa920c2000 	C:\WINDOWS\SYSTEM32\WINHTTP.dll
0x00007ffa8b8f0000 - 0x00007ffa8b903000 	C:\Program Files\Java\jdk-13.0.1\bin\nio.dll

dbghelp: loaded successfully - version: 4.0.5 - missing functions: none
symbol engine: initialized successfully - sym options: 0x614 - pdb path: .;C:\Program Files\Java\jdk-13.0.1\bin;C:\WINDOWS\SYSTEM32;C:\WINDOWS\WinSxS\amd64_microsoft.windows.common-controls_6595b64144ccf1df_6.0.17763.864_none_05b3441807210760;C:\Program Files\Java\jdk-13.0.1\bin\server

VM Arguments:
jvm_args: -agentlib:jdwp=transport=dt_socket,suspend=y,address=localhost:59887 -javaagent:C:\Users\user\eclipse\java-2019-09\eclipse\configuration\org.eclipse.osgi\229\0\.cp\lib\javaagent-shaded.jar -Dfile.encoding=Cp1252 
java_command: MethodTest
java_class_path (initial): C:\Users\user\eclipse-workspace\Range\bin
Launcher Type: SUN_STANDARD

[Global flags]
     intx CICompilerCount                          = 4                                         {product} {ergonomic}
     uint ConcGCThreads                            = 2                                         {product} {ergonomic}
     uint G1ConcRefinementThreads                  = 8                                         {product} {ergonomic}
   size_t G1HeapRegionSize                         = 1048576                                   {product} {ergonomic}
    uintx GCDrainStackTargetSize                   = 64                                        {product} {ergonomic}
   size_t InitialHeapSize                          = 266338304                                 {product} {ergonomic}
   size_t MarkStackSize                            = 4194304                                   {product} {ergonomic}
   size_t MaxHeapSize                              = 4253024256                                {product} {ergonomic}
   size_t MaxNewSize                               = 2551185408                                {product} {ergonomic}
   size_t MinHeapDeltaBytes                        = 1048576                                   {product} {ergonomic}
   size_t MinHeapSize                              = 8388608                                   {product} {ergonomic}
    uintx NonNMethodCodeHeapSize                   = 5836300                                {pd product} {ergonomic}
    uintx NonProfiledCodeHeapSize                  = 122910970                              {pd product} {ergonomic}
    uintx ProfiledCodeHeapSize                     = 122910970                              {pd product} {ergonomic}
    uintx ReservedCodeCacheSize                    = 251658240                              {pd product} {ergonomic}
     bool SegmentedCodeCache                       = true                                      {product} {ergonomic}
   size_t SoftMaxHeapSize                          = 4253024256                             {manageable} {ergonomic}
     bool UseCompressedClassPointers               = true                                 {lp64_product} {ergonomic}
     bool UseCompressedOops                        = true                                 {lp64_product} {ergonomic}
     bool UseG1GC                                  = true                                      {product} {ergonomic}
     bool UseLargePagesIndividualAllocation        = false                                  {pd product} {ergonomic}

Logging:
Log output configuration:
 #0: stdout all=warning uptime,level,tags
 #1: stderr all=off uptime,level,tags

Environment Variables:
PATH=C:/Program Files/Java/jdk-13.0.1/bin/server;C:/Program Files/Java/jdk-13.0.1/bin;C:\WINDOWS\system32;C:\WINDOWS;C:\WINDOWS\System32\Wbem;C:\WINDOWS\System32\WindowsPowerShell\v1.0\;C:\WINDOWS\System32\OpenSSH\;C:\Users\user\AppData\Local\Microsoft\WindowsApps;;C:\Users\user\Desktop;
USERNAME=user
OS=Windows_NT
PROCESSOR_IDENTIFIER=Intel64 Family 6 Model 142 Stepping 10, GenuineIntel



---------------  S Y S T E M  ---------------

OS: Windows 10 , 64 bit Build 17763 (10.0.17763.475)
HyperV virtualization detected

CPU:total 8 (initial active 8) (4 cores per cpu, 2 threads per core) family 6 model 142 stepping 10, cmov, cx8, fxsr, mmx, sse, sse2, sse3, ssse3, sse4.1, sse4.2, popcnt, avx, avx2, aes, clmul, erms, rtm, 3dnowpref, lzcnt, ht, tsc, tscinvbit, bmi1, bmi2, adx, fma

Memory: 4k page, system-wide physical 16218M (9407M free)
TotalPageFile size 18650M (AvailPageFile size 9595M)
current process WorkingSet (physical memory assigned to process): 30M, peak: 41M
current process commit charge ("private bytes"): 347M, peak: 348M

vm_info: Java HotSpot(TM) 64-Bit Server VM (13.0.1+9) for windows-amd64 JRE (13.0.1+9), built on Oct  6 2019 12:37:49 by "mach5one" with unknown MS VC++:1916

END.
